Arguments: 
  C:\Program Files\nodejs\node.exe C:\Program Files\nodejs\node_modules\yarn\bin\yarn.js init

PATH: 
  C:\Program Files\Git\mingw64\bin;C:\Program Files\Git\usr\bin;C:\Users\phong\bin;C:\Program Files (x86)\Common Files\Oracle\Java\javapath;C:\WINDOWS\system32;C:\WINDOWS;C:\WINDOWS\System32\Wbem;C:\WINDOWS\System32\WindowsPowerShell\v1.0;C:\WINDOWS\System32\OpenSSH;C:\Users\phong\AppData\Roaming\nvm;C:\Program Files\nodejs;C:\Python38;C:\Python27;C:\Program Files\Java\jdk1.8.0_251\bin;C:\Gradle\gradle-6.3\bin;C:\Users\phong\AppData\Local\Android\Sdk\platform-tools;C:\Users\phong\AppData\Local\Android\Sdk\tools;C:\Program Files\Git\cmd;F:\Setup\depot_tools;C:\Users\phong\.windows-build-tools\python27;C:\Users\phong\AppData\Local\Microsoft\WindowsApps;C:\Users\phong\AppData\Local\Programs\Microsoft VS Code\bin;C:\Users\phong\AppData\Roaming\nvm;C:\Program Files\nodejs

Yarn version: 
  1.22.4

Node version: 
  13.12.0

Platform: 
  win32 x64

Trace: 
  Error: canceled
      at Interface.<anonymous> (C:\Users\phong\AppData\Roaming\nvm\v13.12.0\node_modules\yarn\lib\cli.js:137008:13)
      at Interface.emit (events.js:315:20)
      at Interface._ttyWrite (readline.js:873:16)
      at ReadStream.onkeypress (readline.js:213:10)
      at ReadStream.emit (events.js:315:20)
      at emitKeys (internal/readline/utils.js:335:14)
      at emitKeys.next (<anonymous>)
      at ReadStream.onData (readline.js:1140:36)
      at ReadStream.emit (events.js:315:20)
      at addChunk (_stream_readable.js:297:12)

npm manifest: 
  No manifest

yarn manifest: 
  No manifest

Lockfile: 
  No lockfile
